app/build/outputs/logs/manifest-merger-release-report.txt
-- Merging decision tree log ---
manifest
ADDED from src\main\AndroidManifest.xml:2:1-111:12
INJECTED from src\main\AndroidManifest.xml:2:1-111:12
INJECTED from src\main\AndroidManifest.xml:2:1-111:12
INJECTED from src\main\AndroidManifest.xml:2:1-111:12
MERGED from [com.android.support:design:28.0.0] AndroidManifest.xml:17:1-24:12
MERGED from [com.android.support:appcompat-v7:28.0.0] AndroidManifest.xml:17:1-22:12
MERGED from [com.android.support:cardview-v7:28.0.0] AndroidManifest.xml:17:1-22:12
MERGED from [com.android.support.constraint:constraint-layout:1.1.3] AndroidManifest.xml:2:1-11:12
MERGED from [com.google.android.gms:play-services-auth:16.0.1] AndroidManifest.xml:17:1-39:12
MERGED from [com.google.android.gms:play-services-games:16.0.0] AndroidManifest.xml:17:1-24:12
MERGED from [com.google.firebase:firebase-core:16.0.6] AndroidManifest.xml:2:1-9:12
MERGED from [com.google.firebase:firebase-measurement-connector-impl:17.0.4] AndroidManifest.xml:17:1-34:12
MERGED from [com.google.firebase:firebase-analytics:16.0.6] AndroidManifest.xml:17:1-55:12
MERGED from [com.google.android.gms:play-services-auth-api-phone:16.0.0] AndroidManifest.xml:2:1-7:12
MERGED from [com.google.android.gms:play-services-auth-base:16.0.0] AndroidManifest.xml:2:1-7:12
MERGED from [com.google.android.gms:play-services-drive:16.0.0] AndroidManifest.xml:17:1-24:12
MERGED from [com.google.android.gms:play-services-measurement-api:16.0.4] AndroidManifest.xml:17:1-25:12
MERGED from [com.google.firebase:firebase-analytics-impl:16.2.4] AndroidManifest.xml:17:1-40:12
MERGED from [com.google.firebase:firebase-iid:17.0.3] AndroidManifest.xml:17:1-59:12
MERGED from [com.google.firebase:firebase-iid-interop:16.0.1] AndroidManifest.xml:2:1-10:12
MERGED from [com.google.android.gms:play-services-base:16.0.1] AndroidManifest.xml:17:1-29:12
MERGED from [com.google.firebase:firebase-common:16.0.3] AndroidManifest.xml:2:1-17:12
MERGED from [com.google.android.gms:play-services-tasks:16.0.1] AndroidManifest.xml:2:1-9:12
MERGED from [com.google.android.gms:play-services-measurement-base:16.0.5] AndroidManifest.xml:2:1-9:12
MERGED from [com.google.android.gms:play-services-stats:16.0.1] AndroidManifest.xml:2:1-9:12
MERGED from [com.google.firebase:firebase-measurement-connector:17.0.1] AndroidManifest.xml:17:1-25:12
MERGED from [com.google.android.gms:play-services-ads-identifier:16.0.0] AndroidManifest.xml:17:1-24:12
MERGED from [com.google.android.gms:play-services-basement:16.0.1] AndroidManifest.xml:17:1-28:12
MERGED from [com.android.support:support-v4:28.0.0] AndroidManifest.xml:17:1-22:12
MERGED from [com.github.bumptech.glide:glide:4.8.0] AndroidManifest.xml:2:1-12:12
MERGED from [com.android.support:animated-vector-drawable:28.0.0] AndroidManifest.xml:17:1-22:12
MERGED from [com.android.support:recyclerview-v7:28.0.0] AndroidManifest.xml:17:1-22:12
MERGED from [com.android.support:support-fragment:28.0.0] AndroidManifest.xml:17:1-22:12
MERGED from [com.android.support:support-core-ui:28.0.0] AndroidManifest.xml:17:1-22:12
MERGED from [com.android.support:support-core-utils:28.0.0] AndroidManifest.xml:17:1-22:12
MERGED from [com.android.support:support-vector-drawable:28.0.0] AndroidManifest.xml:17:1-22:12
MERGED from [com.android.support:transition:28.0.0] AndroidManifest.xml:17:1-22:12
MERGED from [com.android.support:loader:28.0.0] AndroidManifest.xml:17:1-22:12
MERGED from [com.android.support:viewpager:28.0.0] AndroidManifest.xml:17:1-22:12
MERGED from [com.android.support:coordinatorlayout:28.0.0] AndroidManifest.xml:17:1-22:12
MERGED from [com.android.support:drawerlayout:28.0.0] AndroidManifest.xml:17:1-22:12
MERGED from [com.android.support:slidingpanelayout:28.0.0] AndroidManifest.xml:17:1-22:12
MERGED from [com.android.support:customview:28.0.0] AndroidManifest.xml:17:1-22:12
MERGED from [com.android.support:swiperefreshlayout:28.0.0] AndroidManifest.xml:17:1-22:12
MERGED from [com.android.support:asynclayoutinflater:28.0.0] AndroidManifest.xml:17:1-22:12
MERGED from [com.android.support:support-media-compat:28.0.0] AndroidManifest.xml:17:1-22:12
MERGED from [com.android.support:support-compat:28.0.0] AndroidManifest.xml:17:1-24:12
MERGED from [com.android.support:versionedparcelable:28.0.0] AndroidManifest.xml:17:1-25:12
MERGED from [com.android.support:cursoradapter:28.0.0] AndroidManifest.xml:17:1-22:12
MERGED from [com.github.bumptech.glide:gifdecoder:4.8.0] AndroidManifest.xml:2:1-11:12
MERGED from [android.arch.lifecycle:runtime:1.1.1] AndroidManifest.xml:17:1-22:12
MERGED from [com.android.support:documentfile:28.0.0] AndroidManifest.xml:17:1-22:12
MERGED from [com.android.support:localbroadcastmanager:28.0.0] AndroidManifest.xml:17:1-22:12
MERGED from [com.android.support:print:28.0.0] AndroidManifest.xml:17:1-22:12
MERGED from [com.android.support:interpolator:28.0.0] AndroidManifest.xml:17:1-22:12
MERGED from [android.arch.lifecycle:livedata:1.1.1] AndroidManifest.xml:17:1-22:12
MERGED from [android.arch.lifecycle:livedata-core:1.1.1] AndroidManifest.xml:17:1-22:12
MERGED from [android.arch.core:runtime:1.1.1] AndroidManifest.xml:17:1-22:12
MERGED from [android.arch.lifecycle:viewmodel:1.1.1] AndroidManifest.xml:17:1-22:12
INJECTED from src\main\AndroidManifest.xml:2:1-111:12
INJECTED from src\main\AndroidManifest.xml:2:1-111:12
INJECTED from src\main\AndroidManifest.xml:2:1-111:12
	package
		ADDED from src\main\AndroidManifest.xml:3:5-37
		INJECTED from src\main\AndroidManifest.xml
		INJECTED from src\main\AndroidManifest.xml
	android:versionName
		INJECTED from src\main\AndroidManifest.xml
		ADDED from src\main\AndroidManifest.xml:2:1-111:12
		INJECTED from src\main\AndroidManifest.xml
	android:versionCode
		INJECTED from src\main\AndroidManifest.xml
		ADDED from src\main\AndroidManifest.xml:2:1-111:12
		INJECTED from src\main\AndroidManifest.xml
	xmlns:android
		ADDED from src\main\AndroidManifest.xml:2:11-69
uses-permission#android.permission.INTERNET
ADDED from src\main\AndroidManifest.xml:5:5-67
MERGED from [com.google.firebase:firebase-measurement-connector-impl:17.0.4] AndroidManifest.xml:22:5-67
MERGED from [com.google.firebase:firebase-measurement-connector-impl:17.0.4] AndroidManifest.xml:22:5-67
MERGED from [com.google.firebase:firebase-analytics:16.0.6] AndroidManifest.xml:23:5-67
MERGED from [com.google.firebase:firebase-analytics:16.0.6] AndroidManifest.xml:23:5-67
MERGED from [com.google.firebase:firebase-analytics-impl:16.2.4] AndroidManifest.xml:23:5-67
MERGED from [com.google.firebase:firebase-analytics-impl:16.2.4] AndroidManifest.xml:23:5-67
MERGED from [com.google.firebase:firebase-iid:17.0.3] AndroidManifest.xml:23:5-67
MERGED from [com.google.firebase:firebase-iid:17.0.3] AndroidManifest.xml:23:5-67
	android:name
		ADDED from src\main\AndroidManifest.xml:5:22-64
uses-permission#android.permission.ACCESS_NETWORK_STATE
ADDED from src\main\AndroidManifest.xml:6:5-79
MERGED from [com.google.firebase:firebase-measurement-connector-impl:17.0.4] AndroidManifest.xml:23:5-79
MERGED from [com.google.firebase:firebase-measurement-connector-impl:17.0.4] AndroidManifest.xml:23:5-79
MERGED from [com.google.firebase:firebase-analytics:16.0.6] AndroidManifest.xml:24:5-79
MERGED from [com.google.firebase:firebase-analytics:16.0.6] AndroidManifest.xml:24:5-79
MERGED from [com.google.firebase:firebase-analytics-impl:16.2.4] AndroidManifest.xml:24:5-79
MERGED from [com.google.firebase:firebase-analytics-impl:16.2.4] AndroidManifest.xml:24:5-79
MERGED from [com.google.firebase:firebase-iid:17.0.3] AndroidManifest.xml:22:5-79
MERGED from [com.google.firebase:firebase-iid:17.0.3] AndroidManifest.xml:22:5-79
	android:name
		ADDED from src\main\AndroidManifest.xml:6:22-76
uses-permission#android.permission.GET_ACCOUNTS
ADDED from src\main\AndroidManifest.xml:9:5-71
	android:name
		ADDED from src\main\AndroidManifest.xml:9:22-68
uses-permission#android.permission.READ_PROFILE
ADDED from src\main\AndroidManifest.xml:10:5-71
	android:name
		ADDED from src\main\AndroidManifest.xml:10:22-68
uses-permission#android.permission.READ_CONTACTS
ADDED from src\main\AndroidManifest.xml:11:5-72
	android:name
		ADDED from src\main\AndroidManifest.xml:11:22-69
application
ADDED from src\main\AndroidManifest.xml:13:5-109:19
MERGED from [com.android.support:design:28.0.0] AndroidManifest.xml:22:5-20
MERGED from [com.android.support:design:28.0.0] AndroidManifest.xml:22:5-20
MERGED from [com.android.support.constraint:constraint-layout:1.1.3] AndroidManifest.xml:9:5-20
MERGED from [com.android.support.constraint:constraint-layout:1.1.3] AndroidManifest.xml:9:5-20
MERGED from [com.google.android.gms:play-services-auth:16.0.1] AndroidManifest.xml:22:5-37:19
MERGED from [com.google.android.gms:play-services-auth:16.0.1] AndroidManifest.xml:22:5-37:19
MERGED from [com.google.android.gms:play-services-games:16.0.0] AndroidManifest.xml:22:5-20
MERGED from [com.google.android.gms:play-services-games:16.0.0] AndroidManifest.xml:22:5-20
MERGED from [com.google.firebase:firebase-core:16.0.6] AndroidManifest.xml:7:5-20
MERGED from [com.google.firebase:firebase-core:16.0.6] AndroidManifest.xml:7:5-20
MERGED from [com.google.firebase:firebase-measurement-connector-impl:17.0.4] AndroidManifest.xml:26:5-32:19
MERGED from [com.google.firebase:firebase-measurement-connector-impl:17.0.4] AndroidManifest.xml:26:5-32:19
MERGED from [com.google.firebase:firebase-analytics:16.0.6] AndroidManifest.xml:28:5-53:19
MERGED from [com.google.firebase:firebase-analytics:16.0.6] AndroidManifest.xml:28:5-53:19
MERGED from [com.google.android.gms:play-services-drive:16.0.0] AndroidManifest.xml:22:5-20
MERGED from [com.google.android.gms:play-services-drive:16.0.0] AndroidManifest.xml:22:5-20
MERGED from [com.google.android.gms:play-services-measurement-api:16.0.4] AndroidManifest.xml:22:5-23:19
MERGED from [com.google.android.gms:play-services-measurement-api:16.0.4] AndroidManifest.xml:22:5-23:19
MERGED from [com.google.firebase:firebase-analytics-impl:16.2.4] AndroidManifest.xml:28:5-38:19
MERGED from [com.google.firebase:firebase-analytics-impl:16.2.4] AndroidManifest.xml:28:5-38:19
MERGED from [com.google.firebase:firebase-iid:17.0.3] AndroidManifest.xml:28:5-57:19
MERGED from [com.google.firebase:firebase-iid:17.0.3] AndroidManifest.xml:28:5-57:19
MERGED from [com.google.firebase:firebase-iid-interop:16.0.1] AndroidManifest.xml:7:5-8:19
MERGED from [com.google.firebase:firebase-iid-interop:16.0.1] AndroidManifest.xml:7:5-8:19
MERGED from [com.google.android.gms:play-services-base:16.0.1] AndroidManifest.xml:22:5-27:19
MERGED from [com.google.android.gms:play-services-base:16.0.1] AndroidManifest.xml:22:5-27:19
MERGED from [com.google.firebase:firebase-common:16.0.3] AndroidManifest.xml:9:5-15:19
MERGED from [com.google.firebase:firebase-common:16.0.3] AndroidManifest.xml:9:5-15:19
MERGED from [com.google.android.gms:play-services-tasks:16.0.1] AndroidManifest.xml:7:5-20
MERGED from [com.google.android.gms:play-services-tasks:16.0.1] AndroidManifest.xml:7:5-20
MERGED from [com.google.android.gms:play-services-measurement-base:16.0.5] AndroidManifest.xml:7:5-20
MERGED from [com.google.android.gms:play-services-measurement-base:16.0.5] AndroidManifest.xml:7:5-20
MERGED from [com.google.android.gms:play-services-stats:16.0.1] AndroidManifest.xml:7:5-20
MERGED from [com.google.android.gms:play-services-stats:16.0.1] AndroidManifest.xml:7:5-20
MERGED from [com.google.firebase:firebase-measurement-connector:17.0.1] AndroidManifest.xml:22:5-23:19
MERGED from [com.google.firebase:firebase-measurement-connector:17.0.1] AndroidManifest.xml:22:5-23:19
MERGED from [com.google.android.gms:play-services-ads-identifier:16.0.0] AndroidManifest.xml:22:5-20
MERGED from [com.google.android.gms:play-services-ads-identifier:16.0.0] AndroidManifest.xml:22:5-20
MERGED from [com.google.android.gms:play-services-basement:16.0.1] AndroidManifest.xml:22:5-26:19
MERGED from [com.google.android.gms:play-services-basement:16.0.1] AndroidManifest.xml:22:5-26:19
MERGED from [com.github.bumptech.glide:glide:4.8.0] AndroidManifest.xml:10:5-20
MERGED from [com.github.bumptech.glide:glide:4.8.0] AndroidManifest.xml:10:5-20
MERGED from [com.android.support:support-compat:28.0.0] AndroidManifest.xml:22:5-94
MERGED from [com.android.support:support-compat:28.0.0] AndroidManifest.xml:22:5-94
MERGED from [com.android.support:versionedparcelable:28.0.0] AndroidManifest.xml:22:5-23:19
MERGED from [com.android.support:versionedparcelable:28.0.0] AndroidManifest.xml:22:5-23:19
MERGED from [com.github.bumptech.glide:gifdecoder:4.8.0] AndroidManifest.xml:9:5-20
MERGED from [com.github.bumptech.glide:gifdecoder:4.8.0] AndroidManifest.xml:9:5-20
	android:screenOrientation
		ADDED from src\main\AndroidManifest.xml:18:9-45
	android:appComponentFactory
		ADDED from [com.android.support:support-compat:28.0.0] AndroidManifest.xml:22:18-91
	android:supportsRtl
		ADDED from src\main\AndroidManifest.xml:19:9-35
	android:label
		ADDED from src\main\AndroidManifest.xml:16:9-41
	android:roundIcon
		ADDED from src\main\AndroidManifest.xml:17:9-54
	android:icon
		ADDED from src\main\AndroidManifest.xml:15:9-43
	android:allowBackup
		ADDED from src\main\AndroidManifest.xml:14:9-35
	android:theme
		ADDED from src\main\AndroidManifest.xml:20:9-40
meta-data#com.google.android.gms.games.APP_ID
ADDED from src\main\AndroidManifest.xml:22:9-23:45
	android:value
		ADDED from src\main\AndroidManifest.xml:23:13-43
	android:name
		ADDED from src\main\AndroidManifest.xml:22:20-70
meta-data#com.google.android.gms.version
ADDED from src\main\AndroidManifest.xml:24:9-25:68
MERGED from [com.google.android.gms:play-services-basement:16.0.1] AndroidManifest.xml:23:9-25:69
MERGED from [com.google.android.gms:play-services-basement:16.0.1] AndroidManifest.xml:23:9-25:69
	android:value
		ADDED from src\main\AndroidManifest.xml:25:13-66
	android:name
		ADDED from src\main\AndroidManifest.xml:24:20-65
activity#com.example.jairo.wonk.Interface.ResultActivity
ADDED from src\main\AndroidManifest.xml:27:9-62
	android:name
		ADDED from src\main\AndroidManifest.xml:27:19-59
activity#com.example.jairo.wonk.Interface.StartActivity
ADDED from src\main\AndroidManifest.xml:28:9-34:20
	android:name
		ADDED from src\main\AndroidManifest.xml:28:19-58
intent-filter#action:name:android.intent.action.MAIN+category:name:android.intent.category.LAUNCHER
ADDED from src\main\AndroidManifest.xml:29:13-33:29
action#android.intent.action.MAIN
ADDED from src\main\AndroidManifest.xml:30:17-69
	android:name
		ADDED from src\main\AndroidManifest.xml:30:25-66
category#android.intent.category.LAUNCHER
ADDED from src\main\AndroidManifest.xml:32:17-77
	android:name
		ADDED from src\main\AndroidManifest.xml:32:27-74
activity#com.example.jairo.wonk.Interface.LogInActivity
ADDED from src\main\AndroidManifest.xml:36:9-38:20
	android:name
		ADDED from src\main\AndroidManifest.xml:36:19-58
activity#com.example.jairo.wonk.Interface.PlayActivity
ADDED from src\main\AndroidManifest.xml:39:9-60
	android:name
		ADDED from src\main\AndroidManifest.xml:39:19-57
meta-data#preloaded_fonts
ADDED from src\main\AndroidManifest.xml:41:9-43:57
	android:resource
		ADDED from src\main\AndroidManifest.xml:43:13-54
	android:name
		ADDED from src\main\AndroidManifest.xml:42:13-43
activity#com.example.jairo.wonk.Categories.CountriesActivities.Activities.FlagsActivity
ADDED from src\main\AndroidManifest.xml:45:9-93
	android:name
		ADDED from src\main\AndroidManifest.xml:45:19-90
activity#com.example.jairo.wonk.Categories.CountriesActivities.Activities.PopulationActivity
ADDED from src\main\AndroidManifest.xml:46:9-98
	android:name
		ADDED from src\main\AndroidManifest.xml:46:19-95
activity#com.example.jairo.wonk.Categories.CountriesActivities.Activities.EconomyActivity
ADDED from src\main\AndroidManifest.xml:47:9-95
	android:name
		ADDED from src\main\AndroidManifest.xml:47:19-92
activity#com.example.jairo.wonk.Categories.CountriesActivities.Activities.RichPoorActivity
ADDED from src\main\AndroidManifest.xml:48:9-96
	android:name
		ADDED from src\main\AndroidManifest.xml:48:19-93
activity#com.example.jairo.wonk.Categories.CountriesActivities.Activities.EducationActivity
ADDED from src\main\AndroidManifest.xml:49:9-97
	android:name
		ADDED from src\main\AndroidManifest.xml:49:19-94
activity#com.example.jairo.wonk.Categories.CountriesActivities.Activities.IntelligenceActivity
ADDED from src\main\AndroidManifest.xml:50:9-100
	android:name
		ADDED from src\main\AndroidManifest.xml:50:19-97
activity#com.example.jairo.wonk.Categories.CountriesActivities.Activities.SuicideActivity
ADDED from src\main\AndroidManifest.xml:51:9-95
	android:name
		ADDED from src\main\AndroidManifest.xml:51:19-92
activity#com.example.jairo.wonk.Categories.CountriesActivities.Activities.HomicideActivity
ADDED from src\main\AndroidManifest.xml:52:9-96
	android:name
		ADDED from src\main\AndroidManifest.xml:52:19-93
activity#com.example.jairo.wonk.Categories.CountriesActivities.Activities.AreaActivity
ADDED from src\main\AndroidManifest.xml:53:9-92
	android:name
		ADDED from src\main\AndroidManifest.xml:53:19-89
activity#com.example.jairo.wonk.Categories.CountriesActivities.Activities.ContinentActivity
ADDED from src\main\AndroidManifest.xml:54:9-97
	android:name
		ADDED from src\main\AndroidManifest.xml:54:19-94
activity#com.example.jairo.wonk.Categories.CountriesActivities.Activities.LifeExpectancyActivity
ADDED from src\main\AndroidManifest.xml:55:9-102
	android:name
		ADDED from src\main\AndroidManifest.xml:55:19-99
activity#com.example.jairo.wonk.Categories.CountriesActivities.Activities.CapitalActivity
ADDED from src\main\AndroidManifest.xml:56:9-95
	android:name
		ADDED from src\main\AndroidManifest.xml:56:19-92
activity#com.example.jairo.wonk.Categories.CountriesActivities.Activities.BigMacActivity
ADDED from src\main\AndroidManifest.xml:57:9-94
	android:name
		ADDED from src\main\AndroidManifest.xml:57:19-91
activity#com.example.jairo.wonk.Categories.CountriesActivities.Activities.ContinentImageActivity
ADDED from src\main\AndroidManifest.xml:58:9-102
	android:name
		ADDED from src\main\AndroidManifest.xml:58:19-99
activity#com.example.jairo.wonk.Categories.CountriesActivities.Activities.LanguageActivity
ADDED from src\main\AndroidManifest.xml:59:9-96
	android:name
		ADDED from src\main\AndroidManifest.xml:59:19-93
activity#com.example.jairo.wonk.Categories.CountriesActivities.Activities.FirstLetterActivity
ADDED from src\main\AndroidManifest.xml:60:9-99
	android:name
		ADDED from src\main\AndroidManifest.xml:60:19-96
activity#com.example.jairo.wonk.Categories.CountriesActivities.Activities.FirstLetterImageActivity
ADDED from src\main\AndroidManifest.xml:61:9-104
	android:name
		ADDED from src\main\AndroidManifest.xml:61:19-101
activity#com.example.jairo.wonk.Categories.CountriesActivities.Activities.CapitalImageActivity
ADDED from src\main\AndroidManifest.xml:62:9-100
	android:name
		ADDED from src\main\AndroidManifest.xml:62:19-97
activity#com.example.jairo.wonk.Categories.AnimalsActivities.Activities.LifespanActivity
ADDED from src\main\AndroidManifest.xml:63:9-94
	android:name
		ADDED from src\main\AndroidManifest.xml:63:19-91
activity#com.example.jairo.wonk.Categories.AnimalsActivities.Activities.SpeedActivity
ADDED from src\main\AndroidManifest.xml:64:9-91
	android:name
		ADDED from src\main\AndroidManifest.xml:64:19-88
activity#com.example.jairo.wonk.Categories.AnimalsActivities.Activities.BiteStrengthActivity
ADDED from src\main\AndroidManifest.xml:65:9-98
	android:name
		ADDED from src\main\AndroidManifest.xml:65:19-95
activity#com.example.jairo.wonk.Categories.AnimalsActivities.Activities.WeightActivity
ADDED from src\main\AndroidManifest.xml:66:9-92
	android:name
		ADDED from src\main\AndroidManifest.xml:66:19-89
activity#com.example.jairo.wonk.Categories.AnimalsActivities.Activities.HumanKillsActivity
ADDED from src\main\AndroidManifest.xml:67:9-96
	android:name
		ADDED from src\main\AndroidManifest.xml:67:19-93
activity#com.example.jairo.wonk.Categories.AnimalsActivities.Activities.WeightImageActivity
ADDED from src\main\AndroidManifest.xml:68:9-97
	android:name
		ADDED from src\main\AndroidManifest.xml:68:19-94
activity#com.example.jairo.wonk.Categories.AnimalsActivities.Activities.LifeSpanImageActivity
ADDED from src\main\AndroidManifest.xml:69:9-99
	android:name
		ADDED from src\main\AndroidManifest.xml:69:19-96
activity#com.example.jairo.wonk.Categories.OtherActivities.Activities.ElementsSymbolActivity
ADDED from src\main\AndroidManifest.xml:70:9-98
	android:name
		ADDED from src\main\AndroidManifest.xml:70:19-95
activity#com.example.jairo.wonk.Categories.OtherActivities.Activities.ElementsFiveActivity
ADDED from src\main\AndroidManifest.xml:71:9-96
	android:name
		ADDED from src\main\AndroidManifest.xml:71:19-93
activity#com.example.jairo.wonk.Categories.OtherActivities.Activities.ElementsCategoryActivity
ADDED from src\main\AndroidManifest.xml:72:9-100
	android:name
		ADDED from src\main\AndroidManifest.xml:72:19-97
activity#com.example.jairo.wonk.Categories.OtherActivities.Activities.LanguageSentencesActivity
ADDED from src\main\AndroidManifest.xml:73:9-101
	android:name
		ADDED from src\main\AndroidManifest.xml:73:19-98
activity#com.example.jairo.wonk.Categories.FoodActivities.Activities.CaloriesActivity
ADDED from src\main\AndroidManifest.xml:74:9-91
	android:name
		ADDED from src\main\AndroidManifest.xml:74:19-88
activity#com.example.jairo.wonk.Categories.FoodActivities.Activities.CaloriesImageActivity
ADDED from src\main\AndroidManifest.xml:75:9-96
	android:name
		ADDED from src\main\AndroidManifest.xml:75:19-93
activity#com.example.jairo.wonk.Categories.FoodActivities.Activities.CarbohydrateActivity
ADDED from src\main\AndroidManifest.xml:76:9-95
	android:name
		ADDED from src\main\AndroidManifest.xml:76:19-92
activity#com.example.jairo.wonk.Categories.FoodActivities.Activities.CholesterolActivity
ADDED from src\main\AndroidManifest.xml:77:9-94
	android:name
		ADDED from src\main\AndroidManifest.xml:77:19-91
activity#com.example.jairo.wonk.Categories.FoodActivities.Activities.FatActivity
ADDED from src\main\AndroidManifest.xml:78:9-86
	android:name
		ADDED from src\main\AndroidManifest.xml:78:19-83
activity#com.example.jairo.wonk.Categories.FoodActivities.Activities.PotasiumActivity
ADDED from src\main\AndroidManifest.xml:79:9-91
	android:name
		ADDED from src\main\AndroidManifest.xml:79:19-88
activity#com.example.jairo.wonk.Categories.FoodActivities.Activities.ProteinActivity
ADDED from src\main\AndroidManifest.xml:80:9-90
	android:name
		ADDED from src\main\AndroidManifest.xml:80:19-87
activity#com.example.jairo.wonk.Categories.FoodActivities.Activities.SodiumActivity
ADDED from src\main\AndroidManifest.xml:81:9-89
	android:name
		ADDED from src\main\AndroidManifest.xml:81:19-86
activity#com.example.jairo.wonk.Categories.FoodActivities.Activities.CarbohydratesImageActivity
ADDED from src\main\AndroidManifest.xml:82:9-101
	android:name
		ADDED from src\main\AndroidManifest.xml:82:19-98
activity#com.example.jairo.wonk.Categories.FoodActivities.Activities.CholesterolImageActivity
ADDED from src\main\AndroidManifest.xml:83:9-99
	android:name
		ADDED from src\main\AndroidManifest.xml:83:19-96
activity#com.example.jairo.wonk.Categories.FoodActivities.Activities.FatImageActivity
ADDED from src\main\AndroidManifest.xml:84:9-91
	android:name
		ADDED from src\main\AndroidManifest.xml:84:19-88
activity#com.example.jairo.wonk.Categories.FoodActivities.Activities.PotasiumImageActivity
ADDED from src\main\AndroidManifest.xml:85:9-96
	android:name
		ADDED from src\main\AndroidManifest.xml:85:19-93
activity#com.example.jairo.wonk.Categories.FoodActivities.Activities.ProteinImageActivity
ADDED from src\main\AndroidManifest.xml:86:9-95
	android:name
		ADDED from src\main\AndroidManifest.xml:86:19-92
activity#com.example.jairo.wonk.Categories.FoodActivities.Activities.SodiumImageActivity
ADDED from src\main\AndroidManifest.xml:87:9-94
	android:name
		ADDED from src\main\AndroidManifest.xml:87:19-91
activity#com.example.jairo.wonk.Interface.SettingsActivity
ADDED from src\main\AndroidManifest.xml:88:9-90:63
	android:label
		ADDED from src\main\AndroidManifest.xml:90:13-60
	android:name
		ADDED from src\main\AndroidManifest.xml:89:13-55
activity#com.example.jairo.wonk.Interface.WonkActivity
ADDED from src\main\AndroidManifest.xml:91:9-60
	android:name
		ADDED from src\main\AndroidManifest.xml:91:19-57
activity#com.example.jairo.wonk.Categories.CelebritiesActivities.Activities.AgePickActivity
ADDED from src\main\AndroidManifest.xml:92:9-97
	android:name
		ADDED from src\main\AndroidManifest.xml:92:19-94
activity#com.example.jairo.wonk.Categories.CelebritiesActivities.Activities.AgeActivity
ADDED from src\main\AndroidManifest.xml:93:9-93
	android:name
		ADDED from src\main\AndroidManifest.xml:93:19-90
activity#com.example.jairo.wonk.Categories.CelebritiesActivities.Activities.NetWorthActivity
ADDED from src\main\AndroidManifest.xml:94:9-98
	android:name
		ADDED from src\main\AndroidManifest.xml:94:19-95
activity#com.example.jairo.wonk.Categories.CelebritiesActivities.Activities.InstagramFollowersActivity
ADDED from src\main\AndroidManifest.xml:95:9-108
	android:name
		ADDED from src\main\AndroidManifest.xml:95:19-105
activity#com.example.jairo.wonk.Categories.CelebritiesActivities.Activities.HeightActivity
ADDED from src\main\AndroidManifest.xml:96:9-96
	android:name
		ADDED from src\main\AndroidManifest.xml:96:19-93
activity#com.example.jairo.wonk.Categories.CelebritiesActivities.Activities.HeightGuessActivity
ADDED from src\main\AndroidManifest.xml:97:9-101
	android:name
		ADDED from src\main\AndroidManifest.xml:97:19-98
activity#com.example.jairo.wonk.Categories.CelebritiesActivities.Activities.FirstLetterNameImageActivity
ADDED from src\main\AndroidManifest.xml:98:9-110
	android:name
		ADDED from src\main\AndroidManifest.xml:98:19-107
activity#com.example.jairo.wonk.Categories.CelebritiesActivities.Activities.FirstLetterNameActivity
ADDED from src\main\AndroidManifest.xml:99:9-105
	android:name
		ADDED from src\main\AndroidManifest.xml:99:19-102
activity#com.example.jairo.wonk.Categories.CelebritiesActivities.Activities.CelebritiesImageActivity
ADDED from src\main\AndroidManifest.xml:100:9-106
	android:name
		ADDED from src\main\AndroidManifest.xml:100:19-103
activity#com.example.jairo.wonk.Categories.CelebritiesActivities.Activities.AgeImageActivity
ADDED from src\main\AndroidManifest.xml:101:9-98
	android:name
		ADDED from src\main\AndroidManifest.xml:101:19-95
activity#com.example.jairo.wonk.Categories.CelebritiesActivities.Activities.HeightImageActivity
ADDED from src\main\AndroidManifest.xml:102:9-101
	android:name
		ADDED from src\main\AndroidManifest.xml:102:19-98
activity#com.example.jairo.wonk.Categories.CelebritiesActivities.Activities.InstagramFollowersImageActivity
ADDED from src\main\AndroidManifest.xml:103:9-113
	android:name
		ADDED from src\main\AndroidManifest.xml:103:19-110
activity#com.example.jairo.wonk.Categories.CountriesActivities.Activities.FlagsImageActivity
ADDED from src\main\AndroidManifest.xml:104:9-98
	android:name
		ADDED from src\main\AndroidManifest.xml:104:19-95
activity#com.example.jairo.wonk.Categories.CountriesActivities.Activities.AreaImageActivity
ADDED from src\main\AndroidManifest.xml:105:9-97
	android:name
		ADDED from src\main\AndroidManifest.xml:105:19-94
activity#com.example.jairo.wonk.Categories.AnimalsActivities.Activities.SpeedImageActivity
ADDED from src\main\AndroidManifest.xml:106:9-96
	android:name
		ADDED from src\main\AndroidManifest.xml:106:19-93
activity#com.example.jairo.wonk.Interface.ReportAnError
ADDED from src\main\AndroidManifest.xml:107:9-61
	android:name
		ADDED from src\main\AndroidManifest.xml:107:19-58
uses-sdk
INJECTED from src\main\AndroidManifest.xml reason: use-sdk injection requested
INJECTED from src\main\AndroidManifest.xml
INJECTED from src\main\AndroidManifest.xml
MERGED from [com.android.support:design:28.0.0] AndroidManifest.xml:20:5-44
MERGED from [com.android.support:design:28.0.0] AndroidManifest.xml:20:5-44
MERGED from [com.android.support:appcompat-v7:28.0.0] AndroidManifest.xml:20:5-44
MERGED from [com.android.support:appcompat-v7:28.0.0] AndroidManifest.xml:20:5-44
MERGED from [com.android.support:cardview-v7:28.0.0] AndroidManifest.xml:20:5-44
MERGED from [com.android.support:cardview-v7:28.0.0] AndroidManifest.xml:20:5-44
MERGED from [com.android.support.constraint:constraint-layout:1.1.3] AndroidManifest.xml:5:5-7:41
MERGED from [com.android.support.constraint:constraint-layout:1.1.3] AndroidManifest.xml:5:5-7:41
MERGED from [com.google.android.gms:play-services-auth:16.0.1] AndroidManifest.xml:20:5-44
MERGED from [com.google.android.gms:play-services-auth:16.0.1] AndroidManifest.xml:20:5-44
MERGED from [com.google.android.gms:play-services-games:16.0.0] AndroidManifest.xml:20:5-44
MERGED from [com.google.android.gms:play-services-games:16.0.0] AndroidManifest.xml:20:5-44
MERGED from [com.google.firebase:firebase-core:16.0.6] AndroidManifest.xml:5:5-44
MERGED from [com.google.firebase:firebase-core:16.0.6] AndroidManifest.xml:5:5-44
MERGED from [com.google.firebase:firebase-measurement-connector-impl:17.0.4] AndroidManifest.xml:20:5-44
MERGED from [com.google.firebase:firebase-measurement-connector-impl:17.0.4] AndroidManifest.xml:20:5-44
MERGED from [com.google.firebase:firebase-analytics:16.0.6] AndroidManifest.xml:20:5-44
MERGED from [com.google.firebase:firebase-analytics:16.0.6] AndroidManifest.xml:20:5-44
MERGED from [com.google.android.gms:play-services-auth-api-phone:16.0.0] AndroidManifest.xml:5:5-44
MERGED from [com.google.android.gms:play-services-auth-api-phone:16.0.0] AndroidManifest.xml:5:5-44
MERGED from [com.google.android.gms:play-services-auth-base:16.0.0] AndroidManifest.xml:5:5-44
MERGED from [com.google.android.gms:play-services-auth-base:16.0.0] AndroidManifest.xml:5:5-44